2016-09-27 15:01:04 [WARNING] check mysql 10.1.70.57:3306 failure: 1109 Unknown table 'processlist' in information_schema
2016-09-27 15:01:04 [WARNING] check mysql 10.1.70.57:3306 failure: sleep 3 seconds and check again.
2016-09-27 15:01:04 [INFO] alarm controller started.
<type 'exceptions.Exception'> : tuple index out of range
2016-09-27 15:01:06 [INFO] check memcache controller started.
2016-09-27 15:01:07 [INFO] check memcache controller finished.
2016-09-27 15:01:07 [INFO] alarm controller finished.
2016-09-27 15:01:13 [INFO] check mysql controller finished.
2016-09-27 15:01:17 [INFO] alarm controller started.
2016-09-27 15:01:20 [INFO] alarm controller finished.
2016-09-27 15:01:23 [INFO] check mysql controller started.
2016-09-27 15:01:24 [WARNING] check mysql 10.1.70.57:3306 failure: 1109 Unknown table 'processlist' in information_schema
2016-09-27 15:01:24 [WARNING] check mysql 10.1.70.57:3306 failure: sleep 3 seconds and check again.
<type 'exceptions.Exception'> : tuple index out of range
2016-09-27 15:01:28 [INFO] check os controller started.
2016-09-27 15:01:28 [WARNING] check os: not found any servers
2016-09-27 15:01:28 [INFO] check os controller finished.
2016-09-27 15:01:30 [INFO] check redis controller started.
mysql execute: (1062, "Duplicate entry '5651589' for key 'PRIMARY'")
mysql execute: (1062, "Duplicate entry '5790790' for key 'PRIMARY'")
2016-09-27 15:01:31 [INFO] alarm controller started.
2016-09-27 15:01:32 [INFO] check redis controller finished.
2016-09-27 15:01:33 [INFO] check mysql controller finished.
2016-09-27 15:01:36 [INFO] check mongodb controller started.
2016-09-27 15:01:36 [INFO] alarm controller finished.
<type 'exceptions.Exception'> : Authentication failed.
<type 'exceptions.Exception'> : Authentication failed.
2016-09-27 15:01:37 [INFO] check mongodb controller finished.
2016-09-27 15:01:43 [INFO] check mysql controller started.
2016-09-27 15:01:44 [WARNING] check mysql 10.1.70.57:3306 failure: 1109 Unknown table 'processlist' in information_schema
2016-09-27 15:01:44 [WARNING] check mysql 10.1.70.57:3306 failure: sleep 3 seconds and check again.
<type 'exceptions.Exception'> : tuple index out of range
2016-09-27 15:01:47 [INFO] alarm controller started.
2016-09-27 15:01:50 [INFO] alarm controller finished.
2016-09-27 15:01:52 [INFO] check sqlserver controller started.
2016-09-27 15:01:52 [WARNING] check sqlserver: not found any servers
2016-09-27 15:01:52 [INFO] check sqlserver controller finished.
2016-09-27 15:01:53 [INFO] check mysql controller finished.
2016-09-27 15:02:01 [INFO] alarm controller started.
2016-09-27 15:02:02 [INFO] alarm controller finished.
2016-09-27 15:02:04 [INFO] check mysql controller started.
2016-09-27 15:02:05 [WARNING] check mysql 10.1.70.57:3306 failure: 1109 Unknown table 'processlist' in information_schema
2016-09-27 15:02:05 [WARNING] check mysql 10.1.70.57:3306 failure: sleep 3 seconds and check again.
<type 'exceptions.Exception'> : tuple index out of range
2016-09-27 15:02:07 [INFO] check memcache controller started.
2016-09-27 15:02:08 [INFO] check memcache controller finished.
2016-09-27 15:02:13 [INFO] alarm controller started.
