2016-09-27 15:01:50 [INFO] alarm controller finished.
2016-09-27 15:01:52 [INFO] check sqlserver controller started.
2016-09-27 15:01:52 [WARNING] check sqlserver: not found any servers
2016-09-27 15:01:52 [INFO] check sqlserver controller finished.
2016-09-27 15:01:53 [INFO] check mysql controller finished.
2016-09-27 15:02:01 [INFO] alarm controller started.
2016-09-27 15:02:02 [INFO] alarm controller finished.
2016-09-27 15:02:04 [INFO] check mysql controller started.
2016-09-27 15:02:05 [WARNING] check mysql 10.1.70.57:3306 failure: 1109 Unknown table 'processlist' in information_schema
2016-09-27 15:02:05 [WARNING] check mysql 10.1.70.57:3306 failure: sleep 3 seconds and check again.
2016-09-27 15:02:07 [INFO] check memcache controller started.
2016-09-27 15:02:08 [INFO] check memcache controller finished.
2016-09-27 15:02:13 [INFO] alarm controller started.
2016-10-06 19:55:23 [INFO] lepus controller start.
2016-10-06 19:55:24 [INFO] check mysql controller started.
2016-10-06 19:55:24 [WARNING] check mysql: not found any servers
2016-10-06 19:55:24 [INFO] check mysql controller finished.
2016-10-06 19:55:27 [INFO] check mongodb controller started.
2016-10-06 19:55:27 [WARNING] check mongodb: not found any servers
2016-10-06 19:55:27 [INFO] check mongodb controller finished.
2016-10-06 19:55:30 [INFO] check redis controller started.
2016-10-06 19:55:30 [WARNING] check redis: not found any servers
2016-10-06 19:55:30 [INFO] check redis controller finished.
2016-10-06 19:55:33 [INFO] check memcache controller started.
2016-10-06 19:55:33 [WARNING] check memcache: not found any servers
2016-10-06 19:55:33 [INFO] check memcache controller finished.
2016-10-06 19:55:34 [INFO] check mysql controller started.
2016-10-06 19:55:34 [WARNING] check mysql: not found any servers
2016-10-06 19:55:34 [INFO] check mysql controller finished.
2016-10-06 19:55:36 [INFO] check os controller started.
2016-10-06 19:55:36 [WARNING] check os: not found any servers
2016-10-06 19:55:36 [INFO] check os controller finished.
2016-10-06 19:55:39 [INFO] check sqlserver controller started.
2016-10-06 19:55:39 [WARNING] check sqlserver: not found any servers
2016-10-06 19:55:39 [INFO] check sqlserver controller finished.
2016-10-06 21:31:18 [INFO] lepus controller start.
2016-10-06 21:31:19 [INFO] check mysql controller started.
2016-10-06 21:31:22 [INFO] check mongodb controller started.
2016-10-06 21:31:22 [WARNING] check mongodb: not found any servers
2016-10-06 21:31:22 [INFO] check mongodb controller finished.
2016-10-06 21:31:25 [INFO] check redis controller started.
2016-10-06 21:31:25 [WARNING] check redis: not found any servers
2016-10-06 21:31:25 [INFO] check redis controller finished.
2016-10-06 21:31:28 [INFO] check memcache controller started.
2016-10-06 21:31:28 [WARNING] check memcache: not found any servers
2016-10-06 21:31:28 [INFO] check memcache controller finished.
2016-10-06 21:31:29 [INFO] check mysql controller finished.
2016-10-06 21:31:31 [INFO] check os controller started.
2016-10-06 21:31:31 [WARNING] check os: not found any servers
2016-10-06 21:31:31 [INFO] check os controller finished.
2016-10-06 21:31:34 [INFO] check sqlserver controller started.
2016-10-06 21:31:34 [WARNING] check sqlserver: not found any servers
2016-10-06 21:31:34 [INFO] check sqlserver controller finished.
2016-10-06 21:31:37 [INFO] alarm controller started.
2016-10-06 21:31:37 [INFO] alarm controller finished.
2016-10-06 21:31:39 [INFO] check mysql controller started.
2016-10-06 21:31:47 [INFO] alarm controller started.
2016-10-06 21:31:48 [INFO] alarm controller finished.
2016-10-06 21:31:49 [INFO] check mysql controller finished.
2016-10-06 21:31:58 [INFO] alarm controller started.
2016-10-06 21:31:58 [INFO] alarm controller finished.
2016-10-06 21:31:59 [INFO] check mysql controller started.
2016-10-06 21:32:08 [INFO] alarm controller started.
2016-10-06 21:32:09 [INFO] alarm controller finished.
2016-10-06 21:32:09 [INFO] check mysql controller finished.
2016-10-06 21:32:19 [INFO] alarm controller started.
2016-10-06 21:32:19 [INFO] alarm controller finished.
2016-10-06 21:32:19 [INFO] check mysql controller started.
2016-10-06 21:32:22 [INFO] check mongodb controller started.
2016-10-06 21:32:22 [WARNING] check mongodb: not found any servers
2016-10-06 21:32:22 [INFO] check mongodb controller finished.
2016-10-06 21:32:25 [INFO] check redis controller started.
2016-10-06 21:32:25 [WARNING] check redis: not found any servers
2016-10-06 21:32:25 [INFO] check redis controller finished.
2016-10-06 21:32:28 [INFO] check memcache controller started.
2016-10-06 21:32:28 [WARNING] check memcache: not found any servers
2016-10-06 21:32:28 [INFO] check memcache controller finished.
2016-10-06 21:32:29 [INFO] alarm controller started.
2016-10-06 21:32:29 [INFO] alarm controller finished.
2016-10-06 21:32:29 [INFO] check mysql controller finished.
2016-10-06 21:32:31 [INFO] check os controller started.
2016-10-06 21:32:31 [WARNING] check os: not found any servers
2016-10-06 21:32:31 [INFO] check os controller finished.
2016-10-06 21:32:34 [INFO] check sqlserver controller started.
2016-10-06 21:32:34 [WARNING] check sqlserver: not found any servers
2016-10-06 21:32:34 [INFO] check sqlserver controller finished.
2016-10-06 21:32:40 [INFO] check mysql controller started.
2016-10-06 21:32:40 [INFO] alarm controller started.
2016-10-06 21:32:40 [INFO] alarm controller finished.
2016-10-06 21:32:50 [INFO] check mysql controller finished.
2016-10-06 21:32:50 [INFO] alarm controller started.
2016-10-06 21:32:50 [INFO] alarm controller finished.
2016-10-06 21:33:00 [INFO] check mysql controller started.
2016-10-06 21:33:00 [INFO] alarm controller started.
2016-10-06 21:33:01 [INFO] alarm controller finished.
2016-10-06 21:33:10 [INFO] check mysql controller finished.
2016-10-06 21:33:11 [INFO] alarm controller started.
2016-10-06 21:33:11 [INFO] alarm controller finished.
2016-10-06 21:33:20 [INFO] check mysql controller started.
2016-10-06 21:33:21 [INFO] alarm controller started.
2016-10-06 21:33:21 [INFO] alarm controller finished.
2016-10-06 21:33:22 [INFO] check mongodb controller started.
2016-10-06 21:33:22 [WARNING] check mongodb: not found any servers
2016-10-06 21:33:22 [INFO] check mongodb controller finished.
2016-10-06 21:33:25 [INFO] check redis controller started.
2016-10-06 21:33:25 [WARNING] check redis: not found any servers
2016-10-06 21:33:25 [INFO] check redis controller finished.
2016-10-06 21:33:28 [INFO] check memcache controller started.
2016-10-06 21:33:28 [WARNING] check memcache: not found any servers
2016-10-06 21:33:28 [INFO] check memcache controller finished.
2016-10-06 21:33:30 [INFO] check mysql controller finished.
2016-10-06 21:33:31 [INFO] check os controller started.
2016-10-06 21:33:31 [WARNING] check os: not found any servers
2016-10-06 21:33:31 [INFO] check os controller finished.
2016-10-06 21:33:31 [INFO] alarm controller started.
2016-10-06 21:33:32 [INFO] alarm controller finished.
2016-10-06 21:33:34 [INFO] check sqlserver controller started.
2016-10-06 21:33:34 [WARNING] check sqlserver: not found any servers
2016-10-06 21:33:34 [INFO] check sqlserver controller finished.
2016-10-06 21:33:40 [INFO] check mysql controller started.
2016-10-06 21:33:42 [INFO] alarm controller started.
2016-10-06 21:33:42 [INFO] alarm controller finished.
2016-10-06 21:33:50 [INFO] check mysql controller finished.
2016-10-06 21:33:53 [INFO] alarm controller started.
2016-10-06 21:33:53 [INFO] alarm controller finished.
2016-10-06 21:34:01 [INFO] check mysql controller started.
2016-10-06 21:34:03 [INFO] alarm controller started.
2016-10-06 21:34:03 [INFO] alarm controller finished.
2016-10-06 21:34:11 [INFO] check mysql controller finished.
2016-10-06 21:34:13 [INFO] alarm controller started.
2016-10-06 21:34:14 [INFO] alarm controller finished.
2016-10-06 21:34:21 [INFO] check mysql controller started.
2016-10-06 21:34:22 [INFO] check mongodb controller started.
2016-10-06 21:34:22 [WARNING] check mongodb: not found any servers
2016-10-06 21:34:22 [INFO] check mongodb controller finished.
2016-10-06 21:34:24 [INFO] alarm controller started.
2016-10-06 21:34:24 [INFO] alarm controller finished.
2016-10-06 21:34:25 [INFO] check redis controller started.
2016-10-06 21:34:25 [WARNING] check redis: not found any servers
2016-10-06 21:34:25 [INFO] check redis controller finished.
2016-10-06 21:34:28 [INFO] check memcache controller started.
2016-10-06 21:34:28 [WARNING] check memcache: not found any servers
2016-10-06 21:34:28 [INFO] check memcache controller finished.
2016-10-06 21:34:31 [INFO] check mysql controller finished.
2016-10-06 21:34:31 [INFO] check os controller started.
2016-10-06 21:34:31 [WARNING] check os: not found any servers
2016-10-06 21:34:31 [INFO] check os controller finished.
2016-10-06 21:34:34 [INFO] alarm controller started.
2016-10-06 21:34:34 [INFO] check sqlserver controller started.
2016-10-06 21:34:34 [WARNING] check sqlserver: not found any servers
2016-10-06 21:34:34 [INFO] check sqlserver controller finished.
2016-10-06 21:34:34 [INFO] alarm controller finished.
2016-10-06 21:34:41 [INFO] check mysql controller started.
2016-10-06 21:34:45 [INFO] alarm controller started.
2016-10-06 21:34:45 [INFO] alarm controller finished.
2016-10-06 21:34:51 [INFO] check mysql controller finished.
2016-10-06 21:34:55 [INFO] alarm controller started.
2016-10-06 21:34:55 [INFO] alarm controller finished.
2016-10-06 21:35:02 [INFO] check mysql controller started.
2016-10-06 21:35:05 [INFO] alarm controller started.
2016-10-06 21:35:06 [INFO] alarm controller finished.
2016-10-06 21:35:12 [INFO] check mysql controller finished.
2016-10-06 21:35:16 [INFO] alarm controller started.
2016-10-06 21:35:16 [INFO] alarm controller finished.
2016-10-06 21:35:22 [INFO] check mysql controller started.
2016-10-06 21:35:23 [INFO] check mongodb controller started.
2016-10-06 21:35:23 [WARNING] check mongodb: not found any servers
2016-10-06 21:35:23 [INFO] check mongodb controller finished.
2016-10-06 21:35:26 [INFO] check redis controller started.
2016-10-06 21:35:26 [WARNING] check redis: not found any servers
2016-10-06 21:35:26 [INFO] check redis controller finished.
2016-10-06 21:35:26 [INFO] alarm controller started.
2016-10-06 21:35:26 [INFO] alarm controller finished.
2016-10-06 21:35:28 [INFO] check memcache controller started.
2016-10-06 21:35:28 [WARNING] check memcache: not found any servers
2016-10-06 21:35:28 [INFO] check memcache controller finished.
2016-10-06 21:35:31 [INFO] check os controller started.
2016-10-06 21:35:31 [WARNING] check os: not found any servers
2016-10-06 21:35:31 [INFO] check os controller finished.
2016-10-06 21:35:32 [INFO] check mysql controller finished.
2016-10-06 21:35:34 [INFO] check sqlserver controller started.
2016-10-06 21:35:34 [WARNING] check sqlserver: not found any servers
2016-10-06 21:35:34 [INFO] check sqlserver controller finished.
2016-10-06 21:35:37 [INFO] alarm controller started.
2016-10-06 21:35:37 [INFO] alarm controller finished.
2016-10-06 21:35:42 [INFO] check mysql controller started.
2016-10-06 21:35:47 [INFO] alarm controller started.
2016-10-06 21:35:47 [INFO] alarm controller finished.
2016-10-06 21:35:52 [INFO] check mysql controller finished.
2016-10-06 21:35:58 [INFO] alarm controller started.
2016-10-06 21:35:58 [INFO] alarm controller finished.
2016-10-06 21:36:02 [INFO] check mysql controller started.
2016-10-06 21:36:08 [INFO] alarm controller started.
2016-10-06 21:36:08 [INFO] alarm controller finished.
2016-10-06 21:36:12 [INFO] check mysql controller finished.
2016-10-06 21:36:18 [INFO] alarm controller started.
2016-10-06 21:36:19 [INFO] alarm controller finished.
2016-10-06 21:36:22 [INFO] check mysql controller started.
2016-10-06 21:36:23 [INFO] check mongodb controller started.
2016-10-06 21:36:23 [WARNING] check mongodb: not found any servers
2016-10-06 21:36:23 [INFO] check mongodb controller finished.
2016-10-06 21:36:26 [INFO] check redis controller started.
2016-10-06 21:36:26 [WARNING] check redis: not found any servers
2016-10-06 21:36:26 [INFO] check redis controller finished.
2016-10-06 21:36:29 [INFO] check memcache controller started.
2016-10-06 21:36:29 [WARNING] check memcache: not found any servers
2016-10-06 21:36:29 [INFO] check memcache controller finished.
2016-10-06 21:36:29 [INFO] alarm controller started.
2016-10-06 21:36:29 [INFO] alarm controller finished.
2016-10-06 21:36:31 [INFO] check os controller started.
2016-10-06 21:36:31 [WARNING] check os: not found any servers
2016-10-06 21:36:31 [INFO] check os controller finished.
2016-10-06 21:36:32 [INFO] check mysql controller finished.
2016-10-06 21:36:35 [INFO] check sqlserver controller started.
2016-10-06 21:36:35 [WARNING] check sqlserver: not found any servers
2016-10-06 21:36:35 [INFO] check sqlserver controller finished.
2016-10-06 21:36:39 [INFO] alarm controller started.
2016-10-06 21:36:39 [INFO] alarm controller finished.
2016-10-06 21:36:43 [INFO] check mysql controller started.
2016-10-06 21:36:50 [INFO] alarm controller started.
2016-10-06 21:36:50 [INFO] alarm controller finished.
2016-10-06 21:36:53 [INFO] check mysql controller finished.
2016-10-06 21:37:00 [INFO] alarm controller started.
2016-10-06 21:37:00 [INFO] alarm controller finished.
2016-10-06 21:37:03 [INFO] check mysql controller started.
2016-10-06 21:37:10 [INFO] alarm controller started.
2016-10-06 21:37:11 [INFO] alarm controller finished.
2016-10-06 21:37:13 [INFO] check mysql controller finished.
2016-10-06 21:37:21 [INFO] alarm controller started.
2016-10-06 21:37:21 [INFO] alarm controller finished.
2016-10-06 21:37:23 [INFO] check mongodb controller started.
2016-10-06 21:37:23 [WARNING] check mongodb: not found any servers
2016-10-06 21:37:23 [INFO] check mongodb controller finished.
2016-10-06 21:37:23 [INFO] check mysql controller started.
2016-10-06 21:37:26 [INFO] check redis controller started.
2016-10-06 21:37:26 [WARNING] check redis: not found any servers
2016-10-06 21:37:26 [INFO] check redis controller finished.
2016-10-06 21:37:29 [INFO] check memcache controller started.
2016-10-06 21:37:29 [WARNING] check memcache: not found any servers
2016-10-06 21:37:29 [INFO] check memcache controller finished.
2016-10-06 21:37:31 [INFO] alarm controller started.
2016-10-06 21:37:31 [INFO] alarm controller finished.
2016-10-06 21:37:32 [INFO] check os controller started.
2016-10-06 21:37:32 [WARNING] check os: not found any servers
2016-10-06 21:37:32 [INFO] check os controller finished.
2016-10-06 21:37:33 [INFO] check mysql controller finished.
2016-10-06 21:37:35 [INFO] check sqlserver controller started.
2016-10-06 21:37:35 [WARNING] check sqlserver: not found any servers
2016-10-06 21:37:35 [INFO] check sqlserver controller finished.
2016-10-06 21:37:42 [INFO] alarm controller started.
2016-10-06 21:37:42 [INFO] alarm controller finished.
2016-10-06 21:37:43 [INFO] check mysql controller started.
2016-10-06 21:37:52 [INFO] alarm controller started.
2016-10-06 21:37:52 [INFO] alarm controller finished.
2016-10-06 21:37:53 [INFO] check mysql controller finished.
2016-10-06 21:38:03 [INFO] alarm controller started.
2016-10-06 21:38:03 [INFO] alarm controller finished.
2016-10-06 21:38:04 [INFO] check mysql controller started.
2016-10-06 21:38:13 [INFO] alarm controller started.
2016-10-06 21:38:13 [INFO] alarm controller finished.
2016-10-06 21:38:14 [INFO] check mysql controller finished.
2016-10-06 21:38:23 [INFO] check mongodb controller started.
2016-10-06 21:38:23 [WARNING] check mongodb: not found any servers
2016-10-06 21:38:23 [INFO] check mongodb controller finished.
2016-10-06 21:38:23 [INFO] alarm controller started.
2016-10-06 21:38:23 [INFO] alarm controller finished.
2016-10-06 21:38:24 [INFO] check mysql controller started.
2016-10-06 21:38:26 [INFO] check redis controller started.
2016-10-06 21:38:26 [WARNING] check redis: not found any servers
2016-10-06 21:38:26 [INFO] check redis controller finished.
2016-10-06 21:38:29 [INFO] check memcache controller started.
2016-10-06 21:38:29 [WARNING] check memcache: not found any servers
2016-10-06 21:38:29 [INFO] check memcache controller finished.
2016-10-06 21:38:32 [INFO] check os controller started.
2016-10-06 21:38:32 [WARNING] check os: not found any servers
2016-10-06 21:38:32 [INFO] check os controller finished.
2016-10-06 21:38:34 [INFO] alarm controller started.
2016-10-06 21:38:34 [INFO] check mysql controller finished.
2016-10-06 21:38:34 [INFO] alarm controller finished.
2016-10-06 21:38:35 [INFO] check sqlserver controller started.
2016-10-06 21:38:35 [WARNING] check sqlserver: not found any servers
2016-10-06 21:38:35 [INFO] check sqlserver controller finished.
2016-10-06 21:38:44 [INFO] check mysql controller started.
2016-10-06 21:38:44 [INFO] alarm controller started.
2016-10-06 21:38:44 [INFO] alarm controller finished.
2016-10-06 21:38:54 [INFO] check mysql controller finished.
2016-10-06 21:38:54 [INFO] alarm controller started.
2016-10-06 21:38:55 [INFO] alarm controller finished.
2016-10-06 21:39:04 [INFO] check mysql controller started.
2016-10-06 21:39:05 [INFO] alarm controller started.
2016-10-06 21:39:05 [INFO] alarm controller finished.
2016-10-06 21:39:14 [INFO] check mysql controller finished.
2016-10-06 21:39:15 [INFO] alarm controller started.
2016-10-06 21:39:16 [INFO] alarm controller finished.
2016-10-06 21:39:23 [INFO] check mongodb controller started.
2016-10-06 21:39:23 [WARNING] check mongodb: not found any servers
2016-10-06 21:39:23 [INFO] check mongodb controller finished.
2016-10-06 21:39:25 [INFO] check mysql controller started.
2016-10-06 21:39:26 [INFO] alarm controller started.
2016-10-06 21:39:26 [INFO] alarm controller finished.
2016-10-06 21:39:26 [INFO] check redis controller started.
2016-10-06 21:39:26 [WARNING] check redis: not found any servers
2016-10-06 21:39:26 [INFO] check redis controller finished.
2016-10-06 21:39:29 [INFO] check memcache controller started.
2016-10-06 21:39:29 [WARNING] check memcache: not found any servers
2016-10-06 21:39:29 [INFO] check memcache controller finished.
2016-10-06 21:39:32 [INFO] check os controller started.
2016-10-06 21:39:32 [WARNING] check os: not found any servers
2016-10-06 21:39:32 [INFO] check os controller finished.
2016-10-06 21:39:35 [INFO] check mysql controller finished.
2016-10-06 21:39:35 [INFO] check sqlserver controller started.
2016-10-06 21:39:35 [WARNING] check sqlserver: not found any servers
2016-10-06 21:39:35 [INFO] check sqlserver controller finished.
2016-10-06 21:39:36 [INFO] alarm controller started.
2016-10-06 21:39:37 [INFO] alarm controller finished.
2016-10-06 21:39:45 [INFO] check mysql controller started.
2016-10-06 21:39:47 [INFO] alarm controller started.
2016-10-06 21:39:47 [INFO] alarm controller finished.
2016-10-06 21:39:55 [INFO] check mysql controller finished.
2016-10-06 21:39:57 [INFO] alarm controller started.
2016-10-06 21:39:57 [INFO] alarm controller finished.
2016-10-06 21:40:05 [INFO] check mysql controller started.
2016-10-06 21:40:08 [INFO] alarm controller started.
2016-10-06 21:40:08 [INFO] alarm controller finished.
2016-10-06 21:40:15 [INFO] check mysql controller finished.
2016-10-06 21:40:18 [INFO] alarm controller started.
2016-10-06 21:40:18 [INFO] alarm controller finished.
2016-10-06 21:40:24 [INFO] check mongodb controller started.
2016-10-06 21:40:24 [WARNING] check mongodb: not found any servers
2016-10-06 21:40:24 [INFO] check mongodb controller finished.
2016-10-06 21:40:25 [INFO] check mysql controller started.
2016-10-06 21:40:27 [INFO] check redis controller started.
2016-10-06 21:40:27 [WARNING] check redis: not found any servers
2016-10-06 21:40:27 [INFO] check redis controller finished.
2016-10-06 21:40:29 [INFO] alarm controller started.
2016-10-06 21:40:29 [INFO] alarm controller finished.
2016-10-06 21:40:29 [INFO] check memcache controller started.
2016-10-06 21:40:29 [WARNING] check memcache: not found any servers
2016-10-06 21:40:29 [INFO] check memcache controller finished.
2016-10-06 21:40:32 [INFO] check os controller started.
2016-10-06 21:40:32 [WARNING] check os: not found any servers
2016-10-06 21:40:32 [INFO] check os controller finished.
2016-10-06 21:40:35 [INFO] check mysql controller finished.
2016-10-06 21:40:35 [INFO] check sqlserver controller started.
2016-10-06 21:40:35 [WARNING] check sqlserver: not found any servers
2016-10-06 21:40:35 [INFO] check sqlserver controller finished.
